<?xml version="1.0" encoding="UTF-8"?>
<!-- Generated by org.testng.reporters.JUnitXMLReporter -->
<testsuite hostname="DESKTOP-ME2HPKL" ignored="0" name="Test" tests="6" failures="0" timestamp="2021-02-08T17:55:42 IST" time="34.843" errors="0">
  <testcase name="validateTemperatureTitle" time="13.154" classname="Test.ValidateTemperature"/>
  <testcase name="validateCapturedImage" time="2.462" classname="Test.ValidateTemperature"/>
  <testcase name="validateDefaultTemeratureUnit" time="0.273" classname="Test.ValidateTemperature"/>
  <testcase name="v1" time="2.091" classname="Test.ValidateTemperature"/>
  <testcase name="validateSettingEmailAlram" time="2.398" classname="Test.ValidateTemperature"/>
  <testcase name="validateTemperatureDataDownload" time="3.138" classname="Test.ValidateTemperature"/>
</testsuite> <!-- Test -->
